<?xml version="1.0" encoding="UTF-8"?>
<!-- Generated by org.testng.reporters.JUnitReportReporter -->
<testsuite hostname="DESKTOP-8I6I0RA" failures="0" tests="3" name="selenium.tests.LoginTest" time="5.707" errors="0" timestamp="2022-10-30T17:43:36 EDT" skipped="0">
  <testcase classname="selenium.tests.LoginTest" name="assertUserNameAndPasswordLabelsTexts" time="1.634"/>
  <system-out/>
  <testcase classname="selenium.tests.LoginTest" name="assertFailLogin" time="2.428"/>
  <system-out/>
  <testcase classname="selenium.tests.LoginTest" name="assertUserNameAndPasswordInputType" time="1.645"/>
  <system-out/>
</testsuite> <!-- selenium.tests.LoginTest -->
