<?xml version="1.0" encoding="UTF-8"?>
<!-- Generated by org.testng.reporters.JUnitReportReporter -->
<testsuite hostname="DESKTOP-8I6I0RA" failures="0" tests="4" name="selenium.tests.NavbarTest" time="51.069" errors="0" timestamp="2022-10-30T13:27:24 EDT" skipped="0">
  <testcase classname="selenium.tests.NavbarTest" name="assertLoginNavLinkIsDisplayedAndAssertLoginIconClassName" time="2.032"/>
  <system-out/>
  <testcase classname="selenium.tests.NavbarTest" name="assertAllPerformersNavLinkIsDisplayedAndAssertText" time="1.871"/>
  <system-out/>
  <testcase classname="selenium.tests.NavbarTest" name="navbarIsDisplayedAfterPageIsLoaded" time="45.320"/>
  <system-out/>
  <testcase classname="selenium.tests.NavbarTest" name="assertAllShowsNavLinkIsDisplayedAndAssertText" time="1.846"/>
  <system-out/>
</testsuite> <!-- selenium.tests.NavbarTest -->
