<?xml version="1.0" encoding="UTF-8"?>
<!-- Generated by org.testng.reporters.JUnitReportReporter -->
<testsuite hostname="DESKTOP-8I6I0RA" failures="0" tests="4" name="selenium.tests.NavbarTest" time="7.311" errors="0" timestamp="2022-10-30T17:43:36 EDT" skipped="0">
  <testcase classname="selenium.tests.NavbarTest" name="assertLoginNavLinkIsDisplayedAndAssertLoginIconClassName" time="2.667"/>
  <system-out/>
  <testcase classname="selenium.tests.NavbarTest" name="navbarIsDisplayedAfterPageIsLoaded" time="1.549"/>
  <system-out/>
  <testcase classname="selenium.tests.NavbarTest" name="assertAllPerformersNavLinkIsDisplayedAndAssertText" time="1.547"/>
  <system-out/>
  <testcase classname="selenium.tests.NavbarTest" name="assertAllShowsNavLinkIsDisplayedAndAssertText" time="1.548"/>
  <system-out/>
</testsuite> <!-- selenium.tests.NavbarTest -->
