<?xml version="1.0" encoding="UTF-8"?>
<!-- Generated by org.testng.reporters.JUnitReportReporter -->
<testsuite hostname="DESKTOP-8I6I0RA" failures="0" tests="4" name="selenium.tests.NavbarTest" time="22.569" errors="0" timestamp="2022-11-01T14:05:47 EDT" skipped="0">
  <testcase classname="selenium.tests.NavbarTest" name="navbarIsDisplayedAfterPageIsLoaded" time="6.149"/>
  <system-out/>
  <testcase classname="selenium.tests.NavbarTest" name="assertLoginNavLinkIsDisplayedAndAssertLoginIconClassName" time="5.454"/>
  <system-out/>
  <testcase classname="selenium.tests.NavbarTest" name="assertAllShowsNavLinkIsDisplayedAndAssertText" time="9.011"/>
  <system-out/>
  <testcase classname="selenium.tests.NavbarTest" name="assertAllPerformersNavLinkIsDisplayedAndAssertText" time="1.955"/>
  <system-out/>
</testsuite> <!-- selenium.tests.NavbarTest -->
