<?xml version="1.0" encoding="UTF-8"?>
<!-- Generated by org.testng.reporters.JUnitReportReporter -->
<testsuite hostname="DESKTOP-8I6I0RA" failures="0" tests="4" name="selenium.tests.NavbarTest" time="8.197" errors="0" timestamp="2022-10-30T06:50:26 EDT" skipped="0">
  <testcase classname="selenium.tests.NavbarTest" name="assertLoginNavLinkIsDisplayedAndAssertLoginIconClassName" time="1.770"/>
  <system-out/>
  <testcase classname="selenium.tests.NavbarTest" name="navbarIsDisplayedAfterPageIsLoaded" time="1.783"/>
  <system-out/>
  <testcase classname="selenium.tests.NavbarTest" name="assertAllShowsNavLinkIsDisplayedAndAssertText" time="2.854"/>
  <system-out/>
  <testcase classname="selenium.tests.NavbarTest" name="assertAllPerformersNavLinkIsDisplayedAndAssertText" time="1.790"/>
  <system-out/>
</testsuite> <!-- selenium.tests.NavbarTest -->
