<?xml version="1.0" encoding="UTF-8"?>
<!-- Generated by org.testng.reporters.JUnitReportReporter -->
<testsuite hostname="DESKTOP-8I6I0RA" failures="0" tests="3" name="selenium.tests.LoginTest" time="6.535" errors="0" timestamp="2022-10-30T13:45:14 EDT" skipped="0">
  <testcase classname="selenium.tests.LoginTest" name="assertUserNameAndPasswordLabelsTexts" time="1.940"/>
  <system-out/>
  <testcase classname="selenium.tests.LoginTest" name="assertUserNameAndPasswordInputType" time="1.970"/>
  <system-out/>
  <testcase classname="selenium.tests.LoginTest" name="assertFailLogin" time="2.625"/>
  <system-out/>
</testsuite> <!-- selenium.tests.LoginTest -->
