<?xml version="1.0" encoding="UTF-8"?>
<!-- Generated by org.testng.reporters.JUnitReportReporter -->
<testsuite hostname="DESKTOP-8I6I0RA" failures="0" tests="3" name="selenium.tests.LoginTest" time="14.303" errors="0" timestamp="2022-11-01T14:05:47 EDT" skipped="0">
  <testcase classname="selenium.tests.LoginTest" name="assertUserNameAndPasswordLabelsTexts" time="4.059"/>
  <system-out/>
  <testcase classname="selenium.tests.LoginTest" name="assertUserNameAndPasswordInputType" time="4.358"/>
  <system-out/>
  <testcase classname="selenium.tests.LoginTest" name="assertFailLogin" time="5.886"/>
  <system-out/>
</testsuite> <!-- selenium.tests.LoginTest -->
